<?xml version="1.0" encoding="UTF-8"?>
<testsuite xmlns:xsi="http://www.w3.org/2001/XMLSchema-instance" xsi:noNamespaceSchemaLocation="https://maven.apache.org/surefire/maven-surefire-plugin/xsd/surefire-test-report.xsd" name="dat.tdd_demo.MainTest" time="0.039" tests="10" errors="0" skipped="0" failures="0">
  <properties>
[...]
</properties>
  <testcase name="greetNotUppercaseTest" classname="dat.tdd_demo.MainTest" time="0.023"/>
  <testcase name="testMain" classname="dat.tdd_demo.MainTest" time="0"/>
  <testcase name="greetMixedNamesWithCommasTest" classname="dat.tdd_demo.MainTest" time="0"/>
  <testcase name="greetUppercaseTest" classname="dat.tdd_demo.MainTest" time="0"/>
  <testcase name="greetTwoNamesTest" classname="dat.tdd_demo.MainTest" time="0"/>
  <testcase name="greetMixedNamesTest" classname="dat.tdd_demo.MainTest" time="0.001"/>
  <testcase name="greetNullTest" classname="dat.tdd_demo.MainTest" time="0"/>
  <testcase name="greetNamesTest" classname="dat.tdd_demo.MainTest" time="0"/>
  <testcase name="greetMixedNamesWithDelimetedCommasTest" classname="dat.tdd_demo.MainTest" time="0.001"/>
  <testcase name="greetTest" classname="dat.tdd_demo.MainTest" time="0.001"/>
</testsuite>